
2025/03/31 (03:17:10) | ===> btop++ v.1.4.0
2025/03/31 (03:17:10) | WARNING: Intel GPU: Failed to initialize PMU

2025/04/01 (00:48:36) | ===> btop++ v.1.4.0
2025/04/01 (00:48:36) | WARNING: Intel GPU: Failed to initialize PMU

2025/04/10 (22:05:00) | ===> btop++ v.1.4.0
2025/04/10 (22:05:00) | ERROR: No tty detected!
btop++ needs an interactive shell to run.

2025/04/10 (22:05:00) | ===> btop++ v.1.4.0
2025/04/10 (22:05:00) | ERROR: No tty detected!
btop++ needs an interactive shell to run.

2025/04/10 (22:05:09) | ===> btop++ v.1.4.0
2025/04/10 (22:05:09) | ERROR: No tty detected!
btop++ needs an interactive shell to run.

2025/04/10 (22:05:10) | ===> btop++ v.1.4.0
2025/04/10 (22:05:10) | ERROR: No tty detected!
btop++ needs an interactive shell to run.

2025/04/10 (22:05:10) | ===> btop++ v.1.4.0
2025/04/10 (22:05:10) | ERROR: No tty detected!
btop++ needs an interactive shell to run.

2025/04/10 (22:05:10) | ===> btop++ v.1.4.0
2025/04/10 (22:05:10) | ERROR: No tty detected!
btop++ needs an interactive shell to run.

2025/04/10 (22:05:11) | ===> btop++ v.1.4.0
2025/04/10 (22:05:11) | ERROR: No tty detected!
btop++ needs an interactive shell to run.

2025/04/10 (22:05:12) | ===> btop++ v.1.4.0
2025/04/10 (22:05:12) | ERROR: No tty detected!
btop++ needs an interactive shell to run.

2025/04/14 (14:24:20) | ===> btop++ v.1.4.0
2025/04/14 (14:24:20) | ERROR: No tty detected!
btop++ needs an interactive shell to run.

2025/04/14 (14:24:22) | ===> btop++ v.1.4.0
2025/04/14 (14:24:22) | ERROR: No tty detected!
btop++ needs an interactive shell to run.

2025/04/14 (14:38:49) | ===> btop++ v.1.4.0
2025/04/14 (14:38:49) | WARNING: Failed to join _runner thread on exit!
